<?xml version="1.0" encoding="UTF-8" ?>
<testsuite tests="23" failures="0" name="br.ifpe.rest.teste.TabuleiroTeste" time="0.084" errors="0" skipped="0">
  <properties>
    <property name="java.runtime.name" value="Java(TM) SE Runtime Environment"/>
    <property name="sun.boot.library.path" value="/home/Ester/jdk1.8.0_111/jre/lib/amd64"/>
    <property name="java.vm.version" value="25.111-b14"/>
    <property name="java.vm.vendor" value="Oracle Corporation"/>
    <property name="java.vendor.url" value="http://java.oracle.com/"/>
    <property name="path.separator" value=":"/>
    <property name="guice.disable.misplaced.annotation.check" value="true"/>
    <property name="java.vm.name" value="Java HotSpot(TM) 64-Bit Server VM"/>
    <property name="file.encoding.pkg" value="sun.io"/>
    <property name="user.country" value="BR"/>
    <property name="sun.java.launcher" value="SUN_STANDARD"/>
    <property name="sun.os.patch.level" value="unknown"/>
    <property name="test" value="br.ifpe.rest.teste.TabuleiroTeste"/>
    <property name="java.vm.specification.name" value="Java Virtual Machine Specification"/>
    <property name="user.dir" value="/home/Ester/NetBeansProjects/JogodavelhaRest"/>
    <property name="java.runtime.version" value="1.8.0_111-b14"/>
    <property name="java.awt.graphicsenv" value="sun.awt.X11GraphicsEnvironment"/>
    <property name="java.endorsed.dirs" value="/home/Ester/jdk1.8.0_111/jre/lib/endorsed"/>
    <property name="os.arch" value="amd64"/>
    <property name="java.io.tmpdir" value="/tmp"/>
    <property name="line.separator" value="
"/>
    <property name="java.vm.specification.vendor" value="Oracle Corporation"/>
    <property name="os.name" value="Linux"/>
    <property name="maven.ext.class.path" value="/home/Ester/netbeans-8.2/java/maven-nblib/netbeans-eventspy.jar"/>
    <property name="classworlds.conf" value="/home/Ester/netbeans-8.2/java/maven/bin/m2.conf"/>
    <property name="sun.jnu.encoding" value="UTF-8"/>
    <property name="java.library.path" value="/home/Ester/jdk1.8.0_111/jre/lib/amd64:/home/Ester/jdk1.8.0_111/jre/lib/i386::/usr/java/packages/lib/amd64:/usr/lib64:/lib64:/lib:/usr/lib"/>
    <property name="java.specification.name" value="Java Platform API Specification"/>
    <property name="java.class.version" value="52.0"/>
    <property name="sun.management.compiler" value="HotSpot 64-Bit Tiered Compilers"/>
    <property name="os.version" value="4.5.0-0.bpo.2-amd64"/>
    <property name="user.home" value="/home/Ester"/>
    <property name="user.timezone" value="America/Belem"/>
    <property name="java.awt.printerjob" value="sun.print.PSPrinterJob"/>
    <property name="java.specification.version" value="1.8"/>
    <property name="file.encoding" value="UTF-8"/>
    <property name="user.name" value="Ester"/>
    <property name="java.class.path" value="/home/Ester/netbeans-8.2/java/maven/boot/plexus-classworlds-2.4.jar"/>
    <property name="java.vm.specification.version" value="1.8"/>
    <property name="sun.arch.data.model" value="64"/>
    <property name="java.home" value="/home/Ester/jdk1.8.0_111/jre"/>
    <property name="sun.java.command" value="org.codehaus.plexus.classworlds.launcher.Launcher -Dtest=br.ifpe.rest.teste.TabuleiroTeste -Dmaven.ext.class.path=/home/Ester/netbeans-8.2/java/maven-nblib/netbeans-eventspy.jar surefire:test"/>
    <property name="java.specification.vendor" value="Oracle Corporation"/>
    <property name="user.language" value="pt"/>
    <property name="awt.toolkit" value="sun.awt.X11.XToolkit"/>
    <property name="java.vm.info" value="mixed mode"/>
    <property name="java.version" value="1.8.0_111"/>
    <property name="java.ext.dirs" value="/home/Ester/jdk1.8.0_111/jre/lib/ext:/usr/java/packages/lib/ext"/>
    <property name="securerandom.source" value="file:/dev/./urandom"/>
    <property name="sun.boot.class.path" value="/home/Ester/jdk1.8.0_111/jre/lib/resources.jar:/home/Ester/jdk1.8.0_111/jre/lib/rt.jar:/home/Ester/jdk1.8.0_111/jre/lib/sunrsasign.jar:/home/Ester/jdk1.8.0_111/jre/lib/jsse.jar:/home/Ester/jdk1.8.0_111/jre/lib/jce.jar:/home/Ester/jdk1.8.0_111/jre/lib/charsets.jar:/home/Ester/jdk1.8.0_111/jre/lib/jfr.jar:/home/Ester/jdk1.8.0_111/jre/classes"/>
    <property name="java.vendor" value="Oracle Corporation"/>
    <property name="maven.home" value="/home/Ester/netbeans-8.2/java/maven"/>
    <property name="file.separator" value="/"/>
    <property name="java.vendor.url.bug" value="http://bugreport.sun.com/bugreport/"/>
    <property name="sun.cpu.endian" value="little"/>
    <property name="sun.io.unicode.encoding" value="UnicodeLittle"/>
    <property name="sun.desktop" value="gnome"/>
    <property name="sun.cpu.isalist" value=""/>
  </properties>
  <testcase classname="br.ifpe.rest.teste.TabuleiroTeste" name="verificarVencedorOLinha1" time="0.002"/>
  <testcase classname="br.ifpe.rest.teste.TabuleiroTeste" name="verificarVencedorOLinha2" time="0"/>
  <testcase classname="br.ifpe.rest.teste.TabuleiroTeste" name="verificarVencedorOLinha3" time="0"/>
  <testcase classname="br.ifpe.rest.teste.TabuleiroTeste" name="verificarJogadaInvalidaComLetras" time="0"/>
  <testcase classname="br.ifpe.rest.teste.TabuleiroTeste" name="verificarVencedorXColuna1" time="0"/>
  <testcase classname="br.ifpe.rest.teste.TabuleiroTeste" name="verificarVencedorXColuna2" time="0"/>
  <testcase classname="br.ifpe.rest.teste.TabuleiroTeste" name="verificarVencedorXColuna3" time="0"/>
  <testcase classname="br.ifpe.rest.teste.TabuleiroTeste" name="fazerJogada" time="0"/>
  <testcase classname="br.ifpe.rest.teste.TabuleiroTeste" name="verificarVencedorOColuna1" time="0"/>
  <testcase classname="br.ifpe.rest.teste.TabuleiroTeste" name="verificarVencedorOColuna2" time="0"/>
  <testcase classname="br.ifpe.rest.teste.TabuleiroTeste" name="verificarVencedorOColuna3" time="0"/>
  <testcase classname="br.ifpe.rest.teste.TabuleiroTeste" name="verificarVencedorODiagonalSecundaria" time="0"/>
  <testcase classname="br.ifpe.rest.teste.TabuleiroTeste" name="verificarJogadaValida" time="0"/>
  <testcase classname="br.ifpe.rest.teste.TabuleiroTeste" name="verificarVencedorVelha" time="0"/>
  <testcase classname="br.ifpe.rest.teste.TabuleiroTeste" name="resetarTabuleiro" time="0"/>
  <testcase classname="br.ifpe.rest.teste.TabuleiroTeste" name="verificarVencedorXDiagonalPrincipal" time="0.002"/>
  <testcase classname="br.ifpe.rest.teste.TabuleiroTeste" name="verificarVencedorXDiagonalSecundaria" time="0"/>
  <testcase classname="br.ifpe.rest.teste.TabuleiroTeste" name="mostrarTabuleiro" time="0"/>
  <testcase classname="br.ifpe.rest.teste.TabuleiroTeste" name="verificarJogadaInvalidaComNumeros" time="0"/>
  <testcase classname="br.ifpe.rest.teste.TabuleiroTeste" name="verificarVencedorODiagonalPrincipal" time="0"/>
  <testcase classname="br.ifpe.rest.teste.TabuleiroTeste" name="verificarVencedorXLinha1" time="0.001"/>
  <testcase classname="br.ifpe.rest.teste.TabuleiroTeste" name="verificarVencedorXLinha2" time="0"/>
  <testcase classname="br.ifpe.rest.teste.TabuleiroTeste" name="verificarVencedorXLinha3" time="0.001"/>
</testsuite>